<?xml version="1.0" encoding="UTF-8"?>
<!-- Generated by org.testng.reporters.JUnitXMLReporter -->
<testsuite ignored="0" hostname="DESKTOP-1EUJPDG" failures="1" tests="3" name="Test" time="33.224" errors="0" timestamp="2023-01-23T14:06:16 IST">
  <testcase classname="com.classplus.tests.CreateClassDataProvideTest" name="testCourseCreationPageVisible" time="4.985">
    <failure type="java.lang.AssertionError" message="ASSERTION FAILED:: Course Creation Page Heading not matched as expected expected [null] but found [Create Course]">
      <![CDATA[java.lang.AssertionError: ASSERTION FAILED:: Course Creation Page Heading not matched as expected expected [null] but found [Create Course]
at com.classplus.tests.CreateClassDataProvideTest.testCourseCreationPageVisible(CreateClassDataProvideTest.java:69)
at java.base/java.util.ArrayList.forEach(ArrayList.java:1511)
... Removed 34 stack frames]]>
    </failure>
  </testcase> <!-- testCourseCreationPageVisible -->
  <testcase classname="com.classplus.tests.CreateClassDataProvideTest" name="createCourse" time="8.802"/>
  <testcase classname="com.classplus.tests.CreateClassDataProvideTest" name="createCourse" time="8.334"/>
</testsuite> <!-- Test -->
