<?xml version="1.0" encoding="UTF-8"?>
<testng-results ignored="0" total="3" passed="2" failed="1" skipped="0">
  <reporter-output>
  </reporter-output>
  <suite started-at="2023-01-23T14:05:42 IST" name="Classplus" finished-at="2023-01-23T14:06:16 IST" duration-ms="33224">
    <groups>
    </groups>
    <test started-at="2023-01-23T14:05:42 IST" name="Test" finished-at="2023-01-23T14:06:16 IST" duration-ms="33224">
      <class name="com.classplus.tests.CreateClassDataProvideTest">
        <test-method is-config="true" signature="initTestData()[pri:0, instance:com.classplus.tests.CreateClassDataProvideTest@a514af7]" started-at="2023-01-23T14:05:42 IST" name="initTestData" finished-at="2023-01-23T14:05:42 IST" duration-ms="13" status="PASS">
          <reporter-output>
          </reporter-output>
        </test-method> <!-- initTestData -->
        <test-method is-config="true" signature="initLogin(java.lang.String, java.lang.String, java.lang.String, java.lang.String, java.lang.String, java.lang.String, java.lang.String)[pri:0, instance:com.classplus.tests.CreateClassDataProvideTest@a514af7]" started-at="2023-01-23T14:05:42 IST" name="initLogin" finished-at="2023-01-23T14:05:54 IST" duration-ms="11060" status="PASS">
          <params>
            <param index="0">
              <value>
                <![CDATA[https://webp-gcp.classplusapp.com/]]>
              </value>
            </param>
            <param index="1">
              <value>
                <![CDATA[Chrome]]>
              </value>
            </param>
            <param index="2">
              <value>
                <![CDATA[learn]]>
              </value>
            </param>
            <param index="3">
              <value>
                <![CDATA[9711153079]]>
              </value>
            </param>
            <param index="4">
              <value>
                <![CDATA[1234]]>
              </value>
            </param>
            <param index="5">
              <value>
                <![CDATA[9966119838]]>
              </value>
            </param>
            <param index="6">
              <value>
                <![CDATA[7290085267]]>
              </value>
            </param>
          </params>
          <reporter-output>
          </reporter-output>
        </test-method> <!-- initLogin -->
        <test-method signature="testCourseCreationPageVisible()[pri:1, instance:com.classplus.tests.CreateClassDataProvideTest@a514af7]" started-at="2023-01-23T14:05:54 IST" name="testCourseCreationPageVisible" finished-at="2023-01-23T14:05:59 IST" duration-ms="4985" status="FAIL">
          <exception class="java.lang.AssertionError">
            <message>
              <![CDATA[ASSERTION FAILED:: Course Creation Page Heading not matched as expected expected [null] but found [Create Course]]]>
            </message>
            <full-stacktrace>
              <![CDATA[java.lang.AssertionError: ASSERTION FAILED:: Course Creation Page Heading not matched as expected expected [null] but found [Create Course]
at org.testng.Assert.fail(Assert.java:99)
at org.testng.Assert.failNotEquals(Assert.java:1037)
at org.testng.Assert.assertEqualsImpl(Assert.java:140)
at org.testng.Assert.assertEquals(Assert.java:122)
at org.testng.Assert.assertEquals(Assert.java:629)
at com.classplus.tests.CreateClassDataProvideTest.testCourseCreationPageVisible(CreateClassDataProvideTest.java:69)
at java.base/jdk.internal.reflect.DirectMethodHandleAccessor.invoke(DirectMethodHandleAccessor.java:104)
at java.base/java.lang.reflect.Method.invoke(Method.java:577)
at org.testng.internal.MethodInvocationHelper.invokeMethod(MethodInvocationHelper.java:132)
at org.testng.internal.TestInvoker.invokeMethod(TestInvoker.java:599)
at org.testng.internal.TestInvoker.invokeTestMethod(TestInvoker.java:174)
at org.testng.internal.MethodRunner.runInSequence(MethodRunner.java:46)
at org.testng.internal.TestInvoker$MethodInvocationAgent.invoke(TestInvoker.java:822)
at org.testng.internal.TestInvoker.invokeTestMethods(TestInvoker.java:147)
at org.testng.internal.TestMethodWorker.invokeTestMethods(TestMethodWorker.java:146)
at org.testng.internal.TestMethodWorker.run(TestMethodWorker.java:128)
at java.base/java.util.ArrayList.forEach(ArrayList.java:1511)
at org.testng.TestRunner.privateRun(TestRunner.java:764)
at org.testng.TestRunner.run(TestRunner.java:585)
at org.testng.SuiteRunner.runTest(SuiteRunner.java:384)
at org.testng.SuiteRunner.runSequentially(SuiteRunner.java:378)
at org.testng.SuiteRunner.privateRun(SuiteRunner.java:337)
at org.testng.SuiteRunner.run(SuiteRunner.java:286)
at org.testng.SuiteRunnerWorker.runSuite(SuiteRunnerWorker.java:53)
at org.testng.SuiteRunnerWorker.run(SuiteRunnerWorker.java:96)
at org.testng.TestNG.runSuitesSequentially(TestNG.java:1218)
at org.testng.TestNG.runSuitesLocally(TestNG.java:1140)
at org.testng.TestNG.runSuites(TestNG.java:1069)
at org.testng.TestNG.run(TestNG.java:1037)
at org.apache.maven.surefire.testng.TestNGExecutor.run(TestNGExecutor.java:284)
at org.apache.maven.surefire.testng.TestNGXmlTestSuite.execute(TestNGXmlTestSuite.java:75)
at org.apache.maven.surefire.testng.TestNGProvider.invoke(TestNGProvider.java:119)
at org.apache.maven.surefire.booter.ForkedBooter.runSuitesInProcess(ForkedBooter.java:428)
at org.apache.maven.surefire.booter.ForkedBooter.execute(ForkedBooter.java:162)
at org.apache.maven.surefire.booter.ForkedBooter.run(ForkedBooter.java:562)
at org.apache.maven.surefire.booter.ForkedBooter.main(ForkedBooter.java:548)
]]>
            </full-stacktrace>
          </exception> <!-- java.lang.AssertionError -->
          <reporter-output>
          </reporter-output>
        </test-method> <!-- testCourseCreationPageVisible -->
        <test-method signature="createCourse(java.lang.String, java.lang.String)[pri:2, instance:com.classplus.tests.CreateClassDataProvideTest@a514af7]" started-at="2023-01-23T14:05:59 IST" name="createCourse" description="valid" data-provider="getData" finished-at="2023-01-23T14:06:07 IST" duration-ms="8802" status="PASS">
          <params>
            <param index="0">
              <value>
                <![CDATA[valid]]>
              </value>
            </param>
            <param index="1">
              <value>
                <![CDATA[Qwerty]]>
              </value>
            </param>
          </params>
          <reporter-output>
          </reporter-output>
        </test-method> <!-- createCourse -->
        <test-method signature="createCourse(java.lang.String, java.lang.String)[pri:2, instance:com.classplus.tests.CreateClassDataProvideTest@a514af7]" started-at="2023-01-23T14:06:07 IST" name="createCourse" description="valid" data-provider="getData" finished-at="2023-01-23T14:06:16 IST" duration-ms="8334" status="PASS">
          <params>
            <param index="0">
              <value>
                <![CDATA[invalid]]>
              </value>
            </param>
            <param index="1">
              <value>
                <![CDATA[as]]>
              </value>
            </param>
          </params>
          <reporter-output>
          </reporter-output>
        </test-method> <!-- createCourse -->
      </class> <!-- com.classplus.tests.CreateClassDataProvideTest -->
    </test> <!-- Test -->
  </suite> <!-- Classplus -->
</testng-results>
